\BOOKMARK [0][-]{chapter.1}{\376\377\0001\000\040\000P\000r\000o\000j\000e\000k\000t\000\040\000-\000\040\000s\000t\000e\000g\000a\000n\000o\000g\000r\000a\000f\000i\000a\000\040\000w\000\040\000p\000l\000i\000k\000u\000\040\000B\000M\000P}{}% 1
\BOOKMARK [1][-]{section.1.1}{\376\377\0001\000.\0001\000\040\000Z\000a\001\102\000o\001\174\000e\000n\000i\000a}{chapter.1}% 2
\BOOKMARK [1][-]{section.1.2}{\376\377\0001\000.\0002\000\040\000L\000i\000m\000i\000t\000a\000c\000j\000e}{chapter.1}% 3
\BOOKMARK [1][-]{section.1.3}{\376\377\0001\000.\0003\000\040\000U\001\174\000y\000c\000i\000e}{chapter.1}% 4
\BOOKMARK [0][-]{chapter.2}{\376\377\0002\000\040\000I\000n\000d\000e\000k\000s\000\040\000s\000t\000r\000u\000k\000t\000u\000r\000\040\000d\000a\000n\000y\000c\000h}{}% 5
\BOOKMARK [1][-]{section.2.1}{\376\377\0002\000.\0001\000\040\000S\000t\000r\000u\000k\000t\000u\000r\000y\000\040\000d\000a\000n\000y\000c\000h}{chapter.2}% 6
\BOOKMARK [0][-]{chapter.3}{\376\377\0003\000\040\000I\000n\000d\000e\000k\000s\000\040\000p\000l\000i\000k\000\363\000w}{}% 7
\BOOKMARK [1][-]{section.3.1}{\376\377\0003\000.\0001\000\040\000L\000i\000s\000t\000a\000\040\000p\000l\000i\000k\000\363\000w}{chapter.3}% 8
\BOOKMARK [0][-]{chapter.4}{\376\377\0004\000\040\000D\000o\000k\000u\000m\000e\000n\000t\000a\000c\000j\000a\000\040\000s\000t\000r\000u\000k\000t\000u\000r\000\040\000d\000a\000n\000y\000c\000h}{}% 9
\BOOKMARK [1][-]{section.4.1}{\376\377\0004\000.\0001\000\040\000D\000o\000k\000u\000m\000e\000n\000t\000a\000c\000j\000a\000\040\000s\000t\000r\000u\000k\000t\000u\000r\000y\000\040\000\137\000B\000I\000T\000F\000I\000L\000E\000D\000S}{chapter.4}% 10
\BOOKMARK [2][-]{subsection.4.1.1}{\376\377\0004\000.\0001\000.\0001\000\040\000O\000p\000i\000s\000\040\000s\000z\000c\000z\000e\000g\000\363\001\102\000o\000w\000y}{section.4.1}% 11
\BOOKMARK [2][-]{subsection.4.1.2}{\376\377\0004\000.\0001\000.\0002\000\040\000D\000o\000k\000u\000m\000e\000n\000t\000a\000c\000j\000a\000\040\000p\000\363\000l}{section.4.1}% 12
\BOOKMARK [3][-]{subsubsection.4.1.2.1}{\376\377\0004\000.\0001\000.\0002\000.\0001\000\040\000a\000l\000p\000h\000a\000M\000a\000s\000k}{subsection.4.1.2}% 13
\BOOKMARK [3][-]{subsubsection.4.1.2.2}{\376\377\0004\000.\0001\000.\0002\000.\0002\000\040\000b\000l\000u\000e\000M\000a\000s\000k}{subsection.4.1.2}% 14
\BOOKMARK [3][-]{subsubsection.4.1.2.3}{\376\377\0004\000.\0001\000.\0002\000.\0003\000\040\000g\000r\000e\000e\000n\000M\000a\000s\000k}{subsection.4.1.2}% 15
\BOOKMARK [3][-]{subsubsection.4.1.2.4}{\376\377\0004\000.\0001\000.\0002\000.\0004\000\040\000r\000e\000d\000M\000a\000s\000k}{subsection.4.1.2}% 16
\BOOKMARK [3][-]{subsubsection.4.1.2.5}{\376\377\0004\000.\0001\000.\0002\000.\0005\000\040\000x\000M\000a\000s\000k}{subsection.4.1.2}% 17
\BOOKMARK [1][-]{section.4.2}{\376\377\0004\000.\0002\000\040\000D\000o\000k\000u\000m\000e\000n\000t\000a\000c\000j\000a\000\040\000s\000t\000r\000u\000k\000t\000u\000r\000y\000\040\000\137\000B\000M\000P\000H\000E\000A\000D\000E\000R}{chapter.4}% 18
\BOOKMARK [2][-]{subsection.4.2.1}{\376\377\0004\000.\0002\000.\0001\000\040\000O\000p\000i\000s\000\040\000s\000z\000c\000z\000e\000g\000\363\001\102\000o\000w\000y}{section.4.2}% 19
\BOOKMARK [2][-]{subsection.4.2.2}{\376\377\0004\000.\0002\000.\0002\000\040\000D\000o\000k\000u\000m\000e\000n\000t\000a\000c\000j\000a\000\040\000p\000\363\000l}{section.4.2}% 20
\BOOKMARK [3][-]{subsubsection.4.2.2.1}{\376\377\0004\000.\0002\000.\0002\000.\0001\000\040\000H\000E\000A\000D\000E\000R}{subsection.4.2.2}% 21
\BOOKMARK [3][-]{subsubsection.4.2.2.2}{\376\377\0004\000.\0002\000.\0002\000.\0002\000\040\000O\000F\000F\000S\000E\000T}{subsection.4.2.2}% 22
\BOOKMARK [3][-]{subsubsection.4.2.2.3}{\376\377\0004\000.\0002\000.\0002\000.\0003\000\040\000R\000E\000S\000E\000R\000V\000E\000D\0001}{subsection.4.2.2}% 23
\BOOKMARK [3][-]{subsubsection.4.2.2.4}{\376\377\0004\000.\0002\000.\0002\000.\0004\000\040\000R\000E\000S\000E\000R\000V\000E\000D\0002}{subsection.4.2.2}% 24
\BOOKMARK [3][-]{subsubsection.4.2.2.5}{\376\377\0004\000.\0002\000.\0002\000.\0005\000\040\000S\000I\000Z\000E}{subsection.4.2.2}% 25
\BOOKMARK [1][-]{section.4.3}{\376\377\0004\000.\0003\000\040\000D\000o\000k\000u\000m\000e\000n\000t\000a\000c\000j\000a\000\040\000s\000t\000r\000u\000k\000t\000u\000r\000y\000\040\000\137\000D\000I\000B\000H\000E\000A\000D\000E\000R}{chapter.4}% 26
\BOOKMARK [2][-]{subsection.4.3.1}{\376\377\0004\000.\0003\000.\0001\000\040\000O\000p\000i\000s\000\040\000s\000z\000c\000z\000e\000g\000\363\001\102\000o\000w\000y}{section.4.3}% 27
\BOOKMARK [2][-]{subsection.4.3.2}{\376\377\0004\000.\0003\000.\0002\000\040\000D\000o\000k\000u\000m\000e\000n\000t\000a\000c\000j\000a\000\040\000p\000\363\000l}{section.4.3}% 28
\BOOKMARK [3][-]{subsubsection.4.3.2.1}{\376\377\0004\000.\0003\000.\0002\000.\0001\000\040\000B\000I\000T\000S\000P\000E\000R\000P\000I\000X\000E\000L}{subsection.4.3.2}% 29
\BOOKMARK [3][-]{subsubsection.4.3.2.2}{\376\377\0004\000.\0003\000.\0002\000.\0002\000\040\000C\000O\000L\000O\000R\000P\000L\000A\000N\000E\000S}{subsection.4.3.2}% 30
\BOOKMARK [3][-]{subsubsection.4.3.2.3}{\376\377\0004\000.\0003\000.\0002\000.\0003\000\040\000C\000O\000L\000O\000R\000S}{subsection.4.3.2}% 31
\BOOKMARK [3][-]{subsubsection.4.3.2.4}{\376\377\0004\000.\0003\000.\0002\000.\0004\000\040\000C\000O\000M\000P\000R\000E\000S\000S\000I\000O\000N}{subsection.4.3.2}% 32
\BOOKMARK [3][-]{subsubsection.4.3.2.5}{\376\377\0004\000.\0003\000.\0002\000.\0005\000\040\000D\000I\000B\000S\000I\000Z\000E}{subsection.4.3.2}% 33
\BOOKMARK [3][-]{subsubsection.4.3.2.6}{\376\377\0004\000.\0003\000.\0002\000.\0006\000\040\000H\000E\000I\000G\000H\000T}{subsection.4.3.2}% 34
\BOOKMARK [3][-]{subsubsection.4.3.2.7}{\376\377\0004\000.\0003\000.\0002\000.\0007\000\040\000H\000O\000R\000I\000Z\000O\000N\000T\000A\000L\000R\000E\000S}{subsection.4.3.2}% 35
\BOOKMARK [3][-]{subsubsection.4.3.2.8}{\376\377\0004\000.\0003\000.\0002\000.\0008\000\040\000I\000M\000P\000O\000R\000T\000A\000N\000T\000C\000O\000L\000O\000R\000S}{subsection.4.3.2}% 36
\BOOKMARK [3][-]{subsubsection.4.3.2.9}{\376\377\0004\000.\0003\000.\0002\000.\0009\000\040\000S\000I\000Z\000E}{subsection.4.3.2}% 37
\BOOKMARK [3][-]{subsubsection.4.3.2.10}{\376\377\0004\000.\0003\000.\0002\000.\0001\0000\000\040\000V\000E\000R\000T\000I\000C\000A\000L\000R\000E\000S}{subsection.4.3.2}% 38
\BOOKMARK [3][-]{subsubsection.4.3.2.11}{\376\377\0004\000.\0003\000.\0002\000.\0001\0001\000\040\000W\000I\000D\000T\000H}{subsection.4.3.2}% 39
\BOOKMARK [1][-]{section.4.4}{\376\377\0004\000.\0004\000\040\000D\000o\000k\000u\000m\000e\000n\000t\000a\000c\000j\000a\000\040\000s\000t\000r\000u\000k\000t\000u\000r\000y\000\040\000\137\000S\000G\000H\000E\000A\000D\000E\000R}{chapter.4}% 40
\BOOKMARK [2][-]{subsection.4.4.1}{\376\377\0004\000.\0004\000.\0001\000\040\000O\000p\000i\000s\000\040\000s\000z\000c\000z\000e\000g\000\363\001\102\000o\000w\000y}{section.4.4}% 41
\BOOKMARK [2][-]{subsection.4.4.2}{\376\377\0004\000.\0004\000.\0002\000\040\000D\000o\000k\000u\000m\000e\000n\000t\000a\000c\000j\000a\000\040\000p\000\363\000l}{section.4.4}% 42
\BOOKMARK [3][-]{subsubsection.4.4.2.1}{\376\377\0004\000.\0004\000.\0002\000.\0001\000\040\000F\000I\000L\000E\000S\000I\000Z\000E}{subsection.4.4.2}% 43
\BOOKMARK [3][-]{subsubsection.4.4.2.2}{\376\377\0004\000.\0004\000.\0002\000.\0002\000\040\000H\000E\000A\000D\000E\000R}{subsection.4.4.2}% 44
\BOOKMARK [0][-]{chapter.5}{\376\377\0005\000\040\000D\000o\000k\000u\000m\000e\000n\000t\000a\000c\000j\000a\000\040\000p\000l\000i\000k\000\363\000w}{}% 45
\BOOKMARK [1][-]{section.5.1}{\376\377\0005\000.\0001\000\040\000D\000o\000k\000u\000m\000e\000n\000t\000a\000c\000j\000a\000\040\000p\000l\000i\000k\000u\000\040\000s\000r\000c\000/\000f\000u\000n\000c\000t\000i\000o\000n\000s\000.\000c}{chapter.5}% 46
\BOOKMARK [2][-]{subsection.5.1.1}{\376\377\0005\000.\0001\000.\0001\000\040\000O\000p\000i\000s\000\040\000s\000z\000c\000z\000e\000g\000\363\001\102\000o\000w\000y}{section.5.1}% 47
\BOOKMARK [2][-]{subsection.5.1.2}{\376\377\0005\000.\0001\000.\0002\000\040\000D\000o\000k\000u\000m\000e\000n\000t\000a\000c\000j\000a\000\040\000f\000u\000n\000k\000c\000j\000i}{section.5.1}% 48
\BOOKMARK [3][-]{subsubsection.5.1.2.1}{\376\377\0005\000.\0001\000.\0002\000.\0001\000\040\000c\000h\000e\000c\000k\000\137\000f\000o\000r\000\137\000s\000t\000e\000g\000a\000n\000o\000\050\000\051}{subsection.5.1.2}% 49
\BOOKMARK [3][-]{subsubsection.5.1.2.2}{\376\377\0005\000.\0001\000.\0002\000.\0002\000\040\000G\000C\000D\000\050\000\051}{subsection.5.1.2}% 50
\BOOKMARK [3][-]{subsubsection.5.1.2.3}{\376\377\0005\000.\0001\000.\0002\000.\0003\000\040\000L\000C\000M\000\050\000\051}{subsection.5.1.2}% 51
\BOOKMARK [3][-]{subsubsection.5.1.2.4}{\376\377\0005\000.\0001\000.\0002\000.\0004\000\040\000p\000i\000x\000e\000l\000A\000r\000r\000a\000y\000\137\000r\000e\000a\000d\000\137\0001\0006\000b\000i\000t\000\050\000\051}{subsection.5.1.2}% 52
\BOOKMARK [3][-]{subsubsection.5.1.2.5}{\376\377\0005\000.\0001\000.\0002\000.\0005\000\040\000p\000i\000x\000e\000l\000A\000r\000r\000a\000y\000\137\000r\000e\000a\000d\000\137\0002\0004\000b\000i\000t\000\050\000\051}{subsection.5.1.2}% 53
\BOOKMARK [3][-]{subsubsection.5.1.2.6}{\376\377\0005\000.\0001\000.\0002\000.\0006\000\040\000p\000i\000x\000e\000l\000A\000r\000r\000a\000y\000\137\000r\000e\000a\000d\000\137\0003\0002\000b\000i\000t\000\050\000\051}{subsection.5.1.2}% 54
\BOOKMARK [3][-]{subsubsection.5.1.2.7}{\376\377\0005\000.\0001\000.\0002\000.\0007\000\040\000p\000r\000e\000p\000a\000r\000e\000\137\000d\000a\000t\000a\000\137\000t\000o\000\137\000w\000r\000i\000t\000e\000\050\000\051}{subsection.5.1.2}% 55
\BOOKMARK [3][-]{subsubsection.5.1.2.8}{\376\377\0005\000.\0001\000.\0002\000.\0008\000\040\000r\000e\000a\000d\000\137\000d\000a\000t\000a\000\137\000f\000r\000o\000m\000\137\000s\000t\000e\000g\000a\000n\000o\000f\000i\000l\000e\000\137\0001\0006\000b\000i\000t\000\050\000\051}{subsection.5.1.2}% 56
\BOOKMARK [3][-]{subsubsection.5.1.2.9}{\376\377\0005\000.\0001\000.\0002\000.\0009\000\040\000r\000e\000a\000d\000\137\000d\000a\000t\000a\000\137\000f\000r\000o\000m\000\137\000s\000t\000e\000g\000a\000n\000o\000f\000i\000l\000e\000\137\0002\0004\000\137\0003\0002\000b\000i\000t\000\050\000\051}{subsection.5.1.2}% 57
\BOOKMARK [3][-]{subsubsection.5.1.2.10}{\376\377\0005\000.\0001\000.\0002\000.\0001\0000\000\040\000r\000e\000a\000d\000\137\000f\000i\000l\000e\000\137\000t\000o\000\137\000m\000e\000m\000o\000r\000y\000\050\000\051}{subsection.5.1.2}% 58
\BOOKMARK [3][-]{subsubsection.5.1.2.11}{\376\377\0005\000.\0001\000.\0002\000.\0001\0001\000\040\000r\000e\000a\000d\000\137\000h\000e\000a\000d\000e\000r\000s\000\050\000\051}{subsection.5.1.2}% 59
\BOOKMARK [3][-]{subsubsection.5.1.2.12}{\376\377\0005\000.\0001\000.\0002\000.\0001\0002\000\040\000w\000r\000i\000t\000e\000\137\000d\000a\000t\000a\000\137\0001\0006\000b\000i\000t\000\050\000\051}{subsection.5.1.2}% 60
\BOOKMARK [3][-]{subsubsection.5.1.2.13}{\376\377\0005\000.\0001\000.\0002\000.\0001\0003\000\040\000w\000r\000i\000t\000e\000\137\000d\000a\000t\000a\000\137\0002\0004\000b\000i\000t\000\050\000\051}{subsection.5.1.2}% 61
\BOOKMARK [3][-]{subsubsection.5.1.2.14}{\376\377\0005\000.\0001\000.\0002\000.\0001\0004\000\040\000w\000r\000i\000t\000e\000\137\000d\000a\000t\000a\000\137\0003\0002\000b\000i\000t\000\050\000\051}{subsection.5.1.2}% 62
\BOOKMARK [3][-]{subsubsection.5.1.2.15}{\376\377\0005\000.\0001\000.\0002\000.\0001\0005\000\040\000w\000r\000i\000t\000e\000\137\000d\000a\000t\000a\000\137\000a\000r\000r\000a\000y\000\137\000t\000o\000\137\000f\000i\000l\000e\000\050\000\051}{subsection.5.1.2}% 63
\BOOKMARK [3][-]{subsubsection.5.1.2.16}{\376\377\0005\000.\0001\000.\0002\000.\0001\0006\000\040\000w\000r\000i\000t\000e\000\137\000d\000a\000t\000a\000\137\000f\000r\000o\000m\000\137\000i\000m\000a\000g\000e\000\050\000\051}{subsection.5.1.2}% 64
\BOOKMARK [3][-]{subsubsection.5.1.2.17}{\376\377\0005\000.\0001\000.\0002\000.\0001\0007\000\040\000w\000r\000i\000t\000e\000\137\000d\000a\000t\000a\000\137\000t\000o\000\137\000i\000m\000a\000g\000e\000\050\000\051}{subsection.5.1.2}% 65
\BOOKMARK [3][-]{subsubsection.5.1.2.18}{\376\377\0005\000.\0001\000.\0002\000.\0001\0008\000\040\000w\000r\000i\000t\000e\000\137\000h\000e\000a\000d\000e\000r\000s\000\050\000\051}{subsection.5.1.2}% 66
\BOOKMARK [0][-]{section*.6}{\376\377\000I\000n\000d\000e\000k\000s}{}% 67
